<?xml version="1.0" encoding="UTF-8"?>
<testsuite name="com.chan.springboot.web2.domain.posts.PostsRepositoryTest" tests="2" skipped="0" failures="0" errors="0" timestamp="2022-01-12T02:24:08" hostname="DESKTOP-KK35THC" time="0.485">
  <properties/>
  <testcase name="게시글저장_불러오기" classname="com.chan.springboot.web2.domain.posts.PostsRepositoryTest" time="0.451"/>
  <testcase name="BaseTimeEntity_등록" classname="com.chan.springboot.web2.domain.posts.PostsRepositoryTest" time="0.033"/>
  <system-out><![CDATA[2022-01-12 11:23:58.983  INFO 15268 --- [    Test worker] .b.t.c.SpringBootTestContextBootstrapper : Neither @ContextConfiguration nor @ContextHierarchy found for test class [com.chan.springboot.web2.domain.posts.PostsRepositoryTest], using SpringBootContextLoader
2022-01-12 11:23:58.985  INFO 15268 --- [    Test worker] o.s.t.c.support.AbstractContextLoader    : Could not detect default resource locations for test class [com.chan.springboot.web2.domain.posts.PostsRepositoryTest]: no resource found for suffixes {-context.xml, Context.groovy}.
2022-01-12 11:23:58.986  INFO 15268 --- [    Test worker] t.c.s.AnnotationConfigContextLoaderUtils : Could not detect default configuration classes for test class [com.chan.springboot.web2.domain.posts.PostsRepositoryTest]: PostsRepositoryTest does not declare any static, non-private, non-final, nested classes annotated with @Configuration.
2022-01-12 11:23:59.006  INFO 15268 --- [    Test worker] .b.t.c.SpringBootTestContextBootstrapper : Found @SpringBootConfiguration com.chan.springboot.Application for test class com.chan.springboot.web2.domain.posts.PostsRepositoryTest
2022-01-12 11:23:59.010  INFO 15268 --- [    Test worker] .b.t.c.SpringBootTestContextBootstrapper : Loaded default TestExecutionListener class names from location [META-INF/spring.factories]: [org.springframework.boot.test.autoconfigure.restdocs.RestDocsTestExecutionListener, org.springframework.boot.test.autoconfigure.web.client.MockRestServiceServerResetTestExecutionListener, org.springframework.boot.test.autoconfigure.web.servlet.MockMvcPrintOnlyOnFailureTestExecutionListener, org.springframework.boot.test.autoconfigure.web.servlet.WebDriverTestExecutionListener, org.springframework.boot.test.mock.mockito.MockitoTestExecutionListener, org.springframework.boot.test.mock.mockito.ResetMocksTestExecutionListener, org.springframework.test.context.web.ServletTestExecutionListener, org.springframework.test.context.support.DirtiesContextBeforeModesTestExecutionListener, org.springframework.test.context.support.DependencyInjectionTestExecutionListener, org.springframework.test.context.support.DirtiesContextTestExecutionListener, org.springframework.test.context.transaction.TransactionalTestExecutionListener, org.springframework.test.context.jdbc.SqlScriptsTestExecutionListener]
2022-01-12 11:23:59.010  INFO 15268 --- [    Test worker] .b.t.c.SpringBootTestContextBootstrapper : Using TestExecutionListeners: [org.springframework.test.context.web.ServletTestExecutionListener@6d6bb2f7, org.springframework.test.context.support.DirtiesContextBeforeModesTestExecutionListener@6414f2a6, org.springframework.boot.test.mock.mockito.MockitoTestExecutionListener@4b53672d, org.springframework.boot.test.autoconfigure.SpringBootDependencyInjectionTestExecutionListener@207ba3eb, org.springframework.test.context.support.DirtiesContextTestExecutionListener@10b75119, org.springframework.test.context.transaction.TransactionalTestExecutionListener@5375106b, org.springframework.test.context.jdbc.SqlScriptsTestExecutionListener@34f7f27, org.springframework.boot.test.autoconfigure.restdocs.RestDocsTestExecutionListener@7ed6e05e, org.springframework.boot.test.autoconfigure.web.client.MockRestServiceServerResetTestExecutionListener@54435904, org.springframework.boot.test.autoconfigure.web.servlet.MockMvcPrintOnlyOnFailureTestExecutionListener@2f4eedaf, org.springframework.boot.test.autoconfigure.web.servlet.WebDriverTestExecutionListener@57800926, org.springframework.boot.test.mock.mockito.ResetMocksTestExecutionListener@1e1dd798]

  .   ____          _            __ _ _
 /\\ / ___'_ __ _ _(_)_ __  __ _ \ \ \ \
( ( )\___ | '_ | '_| | '_ \/ _` | \ \ \ \
 \\/  ___)| |_)| | | | | || (_| |  ) ) ) )
  '  |____| .__|_| |_|_| |_\__, | / / / /
 =========|_|==============|___/=/_/_/_/
 :: Spring Boot ::        (v2.1.7.RELEASE)

2022-01-12 11:23:59.076  INFO 15268 --- [    Test worker] c.c.s.w.d.posts.PostsRepositoryTest      : Starting PostsRepositoryTest on DESKTOP-KK35THC with PID 15268 (started by chan in D:\freelec-springboot2-webservice)
2022-01-12 11:23:59.077  INFO 15268 --- [    Test worker] c.c.s.w.d.posts.PostsRepositoryTest      : No active profile set, falling back to default profiles: default
2022-01-12 11:23:59.665  INFO 15268 --- [    Test worker] .s.d.r.c.RepositoryConfigurationDelegate : Bootstrapping Spring Data repositories in DEFAULT mode.
2022-01-12 11:23:59.789  INFO 15268 --- [    Test worker] .s.d.r.c.RepositoryConfigurationDelegate : Finished Spring Data repository scanning in 106ms. Found 2 repository interfaces.
2022-01-12 11:24:00.305  INFO 15268 --- [    Test worker] trationDelegate$BeanPostProcessorChecker : Bean 'org.springframework.transaction.annotation.ProxyTransactionManagementConfiguration' of type [org.springframework.transaction.annotation.ProxyTransactionManagementConfiguration$$EnhancerBySpringCGLIB$$5657aa45] is not eligible for getting processed by all BeanPostProcessors (for example: not eligible for auto-proxying)
2022-01-12 11:24:00.629  INFO 15268 --- [    Test worker] com.zaxxer.hikari.HikariDataSource       : HikariPool-1 - Starting...
2022-01-12 11:24:01.032  INFO 15268 --- [    Test worker] com.zaxxer.hikari.HikariDataSource       : HikariPool-1 - Start completed.
2022-01-12 11:24:01.199  INFO 15268 --- [    Test worker] o.hibernate.jpa.internal.util.LogHelper  : HHH000204: Processing PersistenceUnitInfo [
	name: default
	...]
2022-01-12 11:24:01.376  INFO 15268 --- [    Test worker] org.hibernate.Version                    : HHH000412: Hibernate Core {5.3.10.Final}
2022-01-12 11:24:01.388  INFO 15268 --- [    Test worker] org.hibernate.cfg.Environment            : HHH000206: hibernate.properties not found
2022-01-12 11:24:01.867  INFO 15268 --- [    Test worker] o.hibernate.annotations.common.Version   : HCANN000001: Hibernate Commons Annotations {5.0.4.Final}
2022-01-12 11:24:02.210  INFO 15268 --- [    Test worker] org.hibernate.dialect.Dialect            : HHH000400: Using dialect: org.hibernate.dialect.MySQL5InnoDBDialect
Hibernate: drop table if exists posts
Hibernate: drop table if exists user
Hibernate: create table posts (id bigint not null auto_increment, created_date datetime, modified_date datetime, author varchar(255), content TEXT not null, title varchar(500) not null, primary key (id)) engine=InnoDB
Hibernate: create table user (id bigint not null auto_increment, created_date datetime, modified_date datetime, email varchar(255) not null, name varchar(255) not null, picture varchar(255), role varchar(255) not null, primary key (id)) engine=InnoDB
2022-01-12 11:24:03.799  INFO 15268 --- [    Test worker] o.h.t.schema.internal.SchemaCreatorImpl  : HHH000476: Executing import script 'org.hibernate.tool.schema.internal.exec.ScriptSourceInputNonExistentImpl@4d9a2dcc'
2022-01-12 11:24:03.809  INFO 15268 --- [    Test worker] j.LocalContainerEntityManagerFactoryBean : Initialized JPA EntityManagerFactory for persistence unit 'default'
2022-01-12 11:24:04.731  INFO 15268 --- [    Test worker] o.h.h.i.QueryTranslatorFactoryInitiator  : HHH000397: Using ASTQueryTranslatorFactory
2022-01-12 11:24:05.914  INFO 15268 --- [    Test worker] o.s.s.web.DefaultSecurityFilterChain     : Creating filter chain: any request, [org.springframework.security.web.context.request.async.WebAsyncManagerIntegrationFilter@6f0b92f3, org.springframework.security.web.context.SecurityContextPersistenceFilter@422ac0e8, org.springframework.security.web.header.HeaderWriterFilter@2743e958, org.springframework.security.web.authentication.logout.LogoutFilter@2ec5d7ed, org.springframework.security.oauth2.client.web.OAuth2AuthorizationRequestRedirectFilter@5529606d, org.springframework.security.oauth2.client.web.OAuth2LoginAuthenticationFilter@2c3a26da, org.springframework.security.web.authentication.ui.DefaultLoginPageGeneratingFilter@7fcbab4f, org.springframework.security.web.authentication.ui.DefaultLogoutPageGeneratingFilter@20c9c33c, org.springframework.security.web.savedrequest.RequestCacheAwareFilter@202878a5, org.springframework.security.web.servletapi.SecurityContextHolderAwareRequestFilter@445e92cd, org.springframework.security.web.authentication.AnonymousAuthenticationFilter@3736d8c4, org.springframework.security.web.session.SessionManagementFilter@302326fc, org.springframework.security.web.access.ExceptionTranslationFilter@6ad774d5, org.springframework.security.web.access.intercept.FilterSecurityInterceptor@471890ef]
2022-01-12 11:24:06.898  INFO 15268 --- [    Test worker] o.s.s.concurrent.ThreadPoolTaskExecutor  : Initializing ExecutorService 'applicationTaskExecutor'
2022-01-12 11:24:07.024  WARN 15268 --- [    Test worker] aWebConfiguration$JpaWebMvcConfiguration : spring.jpa.open-in-view is enabled by default. Therefore, database queries may be performed during view rendering. Explicitly configure spring.jpa.open-in-view to disable this warning
2022-01-12 11:24:07.136  INFO 15268 --- [    Test worker] o.s.b.a.w.s.WelcomePageHandlerMapping    : Adding welcome page template: index
2022-01-12 11:24:08.228  INFO 15268 --- [    Test worker] s.a.ScheduledAnnotationBeanPostProcessor : No TaskScheduler/ScheduledExecutorService bean found for scheduled processing
2022-01-12 11:24:08.257  INFO 15268 --- [    Test worker] c.c.s.w.d.posts.PostsRepositoryTest      : Started PostsRepositoryTest in 9.24 seconds (JVM running for 26.624)
Hibernate: insert into posts (created_date, modified_date, author, content, title) values (?, ?, ?, ?, ?)
Hibernate: select posts0_.id as id1_0_, posts0_.created_date as created_2_0_, posts0_.modified_date as modified3_0_, posts0_.author as author4_0_, posts0_.content as content5_0_, posts0_.title as title6_0_ from posts posts0_
Hibernate: select posts0_.id as id1_0_, posts0_.created_date as created_2_0_, posts0_.modified_date as modified3_0_, posts0_.author as author4_0_, posts0_.content as content5_0_, posts0_.title as title6_0_ from posts posts0_
Hibernate: delete from posts where id=?
Hibernate: insert into posts (created_date, modified_date, author, content, title) values (?, ?, ?, ?, ?)
Hibernate: select posts0_.id as id1_0_, posts0_.created_date as created_2_0_, posts0_.modified_date as modified3_0_, posts0_.author as author4_0_, posts0_.content as content5_0_, posts0_.title as title6_0_ from posts posts0_
>>>>>>> createDate=2022-01-12T11:24:08.757883modifiedDate=2022-01-12T11:24:08.757883
Hibernate: select posts0_.id as id1_0_, posts0_.created_date as created_2_0_, posts0_.modified_date as modified3_0_, posts0_.author as author4_0_, posts0_.content as content5_0_, posts0_.title as title6_0_ from posts posts0_
Hibernate: delete from posts where id=?
]]></system-out>
  <system-err><![CDATA[]]></system-err>
</testsuite>
