<?xml version="1.0" encoding="UTF-8"?>
<testsuite name="com.chan.springboot.web2.IndexControllerTest" tests="1" skipped="0" failures="0" errors="0" timestamp="2022-01-12T02:24:12" hostname="DESKTOP-KK35THC" time="0.183">
  <properties/>
  <testcase name="메인페이지_로딩" classname="com.chan.springboot.web2.IndexControllerTest" time="0.183"/>
  <system-out><![CDATA[2022-01-12 11:24:12.509  INFO 15268 --- [    Test worker] .b.t.c.SpringBootTestContextBootstrapper : Neither @ContextConfiguration nor @ContextHierarchy found for test class [com.chan.springboot.web2.IndexControllerTest], using SpringBootContextLoader
2022-01-12 11:24:12.511  INFO 15268 --- [    Test worker] o.s.t.c.support.AbstractContextLoader    : Could not detect default resource locations for test class [com.chan.springboot.web2.IndexControllerTest]: no resource found for suffixes {-context.xml, Context.groovy}.
2022-01-12 11:24:12.512  INFO 15268 --- [    Test worker] t.c.s.AnnotationConfigContextLoaderUtils : Could not detect default configuration classes for test class [com.chan.springboot.web2.IndexControllerTest]: IndexControllerTest does not declare any static, non-private, non-final, nested classes annotated with @Configuration.
2022-01-12 11:24:12.514  INFO 15268 --- [    Test worker] .b.t.c.SpringBootTestContextBootstrapper : Found @SpringBootConfiguration com.chan.springboot.Application for test class com.chan.springboot.web2.IndexControllerTest
2022-01-12 11:24:12.516  INFO 15268 --- [    Test worker] .b.t.c.SpringBootTestContextBootstrapper : Loaded default TestExecutionListener class names from location [META-INF/spring.factories]: [org.springframework.boot.test.autoconfigure.restdocs.RestDocsTestExecutionListener, org.springframework.boot.test.autoconfigure.web.client.MockRestServiceServerResetTestExecutionListener, org.springframework.boot.test.autoconfigure.web.servlet.MockMvcPrintOnlyOnFailureTestExecutionListener, org.springframework.boot.test.autoconfigure.web.servlet.WebDriverTestExecutionListener, org.springframework.boot.test.mock.mockito.MockitoTestExecutionListener, org.springframework.boot.test.mock.mockito.ResetMocksTestExecutionListener, org.springframework.test.context.web.ServletTestExecutionListener, org.springframework.test.context.support.DirtiesContextBeforeModesTestExecutionListener, org.springframework.test.context.support.DependencyInjectionTestExecutionListener, org.springframework.test.context.support.DirtiesContextTestExecutionListener, org.springframework.test.context.transaction.TransactionalTestExecutionListener, org.springframework.test.context.jdbc.SqlScriptsTestExecutionListener]
2022-01-12 11:24:12.517  INFO 15268 --- [    Test worker] .b.t.c.SpringBootTestContextBootstrapper : Using TestExecutionListeners: [org.springframework.test.context.web.ServletTestExecutionListener@210efb65, org.springframework.test.context.support.DirtiesContextBeforeModesTestExecutionListener@6b9f2c23, org.springframework.boot.test.mock.mockito.MockitoTestExecutionListener@3500f60, org.springframework.boot.test.autoconfigure.SpringBootDependencyInjectionTestExecutionListener@cbca003, org.springframework.test.context.support.DirtiesContextTestExecutionListener@5a3fa722, org.springframework.test.context.transaction.TransactionalTestExecutionListener@48d36672, org.springframework.test.context.jdbc.SqlScriptsTestExecutionListener@4b7b4b07, org.springframework.boot.test.autoconfigure.restdocs.RestDocsTestExecutionListener@222e56d3, org.springframework.boot.test.autoconfigure.web.client.MockRestServiceServerResetTestExecutionListener@58fe303, org.springframework.boot.test.autoconfigure.web.servlet.MockMvcPrintOnlyOnFailureTestExecutionListener@56bce536, org.springframework.boot.test.autoconfigure.web.servlet.WebDriverTestExecutionListener@478ebf95, org.springframework.boot.test.mock.mockito.ResetMocksTestExecutionListener@1746e179]
Hibernate: select posts0_.id as id1_0_, posts0_.created_date as created_2_0_, posts0_.modified_date as modified3_0_, posts0_.author as author4_0_, posts0_.content as content5_0_, posts0_.title as title6_0_ from posts posts0_ order by posts0_.id DESC
]]></system-out>
  <system-err><![CDATA[]]></system-err>
</testsuite>
