<?xml version="1.0" encoding="UTF-8"?>
<testsuite name="com.chan.springboot.web2.dto.HelloResponseDtoTest" tests="1" skipped="0" failures="0" errors="0" timestamp="2022-01-12T02:23:58" hostname="DESKTOP-KK35THC" time="0.264">
  <properties/>
  <testcase name="롬북_기능_테스트" classname="com.chan.springboot.web2.dto.HelloResponseDtoTest" time="0.264"/>
  <system-out><![CDATA[]]></system-out>
  <system-err><![CDATA[]]></system-err>
</testsuite>
